2013-12-02 14:15:31.398 PhoneGap[68877:80b] Multi-tasking -> Device: YES, App: YES
2013-12-02 14:15:31.426 PhoneGap[68877:80b] Unlimited access to network resources
2013-12-02 14:15:31.911 PhoneGap[68877:80b] Resetting plugins due to page load.
2013-12-02 14:15:32.022 PhoneGap[68877:80b] Finished load of: file:///Users/mwbrooks/Library/Application%20Support/iPhone%20Simulator/7.0.3/Applications/42C3D257-0E3B-43B6-91B7-C6D384222AFF/PhoneGap.app/www/index.html
2013-12-02 14:17:02.559 PhoneGap[69473:80b] Multi-tasking -> Device: YES, App: YES
2013-12-02 14:17:02.569 PhoneGap[69473:80b] Unlimited access to network resources
2013-12-02 14:17:02.672 PhoneGap[69473:80b] Resetting plugins due to page load.
2013-12-02 14:17:02.748 PhoneGap[69473:80b] Finished load of: file:///Users/mwbrooks/Library/Application%20Support/iPhone%20Simulator/7.0.3/Applications/42C3D257-0E3B-43B6-91B7-C6D384222AFF/PhoneGap.app/www/index.html
2014-01-10 11:20:28.869 PhoneGap[22817:80b] Multi-tasking -> Device: YES, App: YES
2014-01-10 11:20:28.893 PhoneGap[22817:80b] Unlimited access to network resources
2014-01-10 11:20:29.242 PhoneGap[22817:80b] Resetting plugins due to page load.
2014-01-10 11:20:29.316 PhoneGap[22817:80b] Finished load of: file:///Users/mwbrooks/Library/Application%20Support/iPhone%20Simulator/7.0.3/Applications/42C3D257-0E3B-43B6-91B7-C6D384222AFF/PhoneGap.app/www/index.html
2014-01-14 11:11:55.120 PhoneGap[11620:80b] Multi-tasking -> Device: YES, App: YES
2014-01-14 11:11:55.142 PhoneGap[11620:80b] Unlimited access to network resources
2014-01-14 11:11:55.508 PhoneGap[11620:80b] Resetting plugins due to page load.
2014-01-14 11:11:55.634 PhoneGap[11620:80b] Finished load of: file:///Users/mwbrooks/Library/Application%20Support/iPhone%20Simulator/7.0.3/Applications/42C3D257-0E3B-43B6-91B7-C6D384222AFF/PhoneGap.app/www/index.html
2014-01-14 11:19:08.115 PhoneGap[12447:80b] Multi-tasking -> Device: YES, App: YES
2014-01-14 11:19:08.121 PhoneGap[12447:80b] Unlimited access to network resources
2014-01-14 11:19:08.221 PhoneGap[12447:80b] Resetting plugins due to page load.
2014-01-14 11:19:08.276 PhoneGap[12447:80b] Finished load of: file:///Users/mwbrooks/Library/Application%20Support/iPhone%20Simulator/7.0.3/Applications/A59C4682-D97E-4B06-8C21-A6B5FE0C5F75/PhoneGap.app/www/index.html
2014-01-15 15:19:12.229 PhoneGap[30684:80b] Multi-tasking -> Device: YES, App: YES
2014-01-15 15:19:12.237 PhoneGap[30684:80b] Unlimited access to network resources
2014-01-15 15:19:12.334 PhoneGap[30684:80b] Resetting plugins due to page load.
2014-01-15 15:19:12.481 PhoneGap[30684:80b] Finished load of: file:///Users/mwbrooks/Library/Application%20Support/iPhone%20Simulator/7.0.3/Applications/A59C4682-D97E-4B06-8C21-A6B5FE0C5F75/PhoneGap.app/www/index.html
2014-01-16 10:54:54.629 PhoneGap[38549:80b] Multi-tasking -> Device: YES, App: YES
2014-01-16 10:54:54.635 PhoneGap[38549:80b] Unlimited access to network resources
2014-01-16 10:54:54.731 PhoneGap[38549:80b] Resetting plugins due to page load.
2014-01-16 10:54:54.783 PhoneGap[38549:80b] Finished load of: file:///Users/mwbrooks/Library/Application%20Support/iPhone%20Simulator/7.0.3/Applications/A59C4682-D97E-4B06-8C21-A6B5FE0C5F75/PhoneGap.app/www/index.html
2014-01-16 10:56:24.489 PhoneGap[39174:80b] Multi-tasking -> Device: YES, App: YES
2014-01-16 10:56:24.495 PhoneGap[39174:80b] Unlimited access to network resources
2014-01-16 10:56:24.596 PhoneGap[39174:80b] Resetting plugins due to page load.
2014-01-16 10:56:24.658 PhoneGap[39174:80b] Finished load of: file:///Users/mwbrooks/Library/Application%20Support/iPhone%20Simulator/7.0.3/Applications/A59C4682-D97E-4B06-8C21-A6B5FE0C5F75/PhoneGap.app/www/index.html
2014-01-16 13:28:23.902 PhoneGap[40372:80b] Multi-tasking -> Device: YES, App: YES
2014-01-16 13:28:23.908 PhoneGap[40372:80b] Unlimited access to network resources
2014-01-16 13:28:24.010 PhoneGap[40372:80b] Resetting plugins due to page load.
2014-01-16 13:28:24.116 PhoneGap[40372:80b] Finished load of: file:///Users/mwbrooks/Library/Application%20Support/iPhone%20Simulator/7.0.3/Applications/A59C4682-D97E-4B06-8C21-A6B5FE0C5F75/PhoneGap.app/www/index.html
2014-01-16 13:29:00.302 PhoneGap[40372:80b] THREAD WARNING: ['File'] took '4061.820068' ms. Plugin should use a background thread.
2014-01-16 13:31:27.965 PhoneGap[41123:80b] Multi-tasking -> Device: YES, App: YES
2014-01-16 13:31:27.971 PhoneGap[41123:80b] Unlimited access to network resources
2014-01-16 13:31:28.062 PhoneGap[41123:80b] Resetting plugins due to page load.
2014-01-16 13:31:28.130 PhoneGap[41123:80b] Finished load of: file:///Users/mwbrooks/Library/Application%20Support/iPhone%20Simulator/7.0.3/Applications/A59C4682-D97E-4B06-8C21-A6B5FE0C5F75/PhoneGap.app/www/index.html
2014-01-16 13:31:30.836 PhoneGap[41123:80b] THREAD WARNING: ['File'] took '2633.135010' ms. Plugin should use a background thread.
2014-01-16 13:32:48.307 PhoneGap[41904:80b] Multi-tasking -> Device: YES, App: YES
2014-01-16 13:32:48.313 PhoneGap[41904:80b] Unlimited access to network resources
2014-01-16 13:32:48.415 PhoneGap[41904:80b] Resetting plugins due to page load.
2014-01-16 13:32:48.485 PhoneGap[41904:80b] Finished load of: file:///Users/mwbrooks/Library/Application%20Support/iPhone%20Simulator/7.0.3/Applications/A59C4682-D97E-4B06-8C21-A6B5FE0C5F75/PhoneGap.app/www/index.html
2014-01-16 13:32:51.423 PhoneGap[41904:80b] THREAD WARNING: ['File'] took '2883.010254' ms. Plugin should use a background thread.
2014-01-16 13:36:55.610 PhoneGap[42629:80b] Multi-tasking -> Device: YES, App: YES
2014-01-16 13:36:55.619 PhoneGap[42629:80b] Unlimited access to network resources
2014-01-16 13:36:55.721 PhoneGap[42629:80b] Resetting plugins due to page load.
2014-01-16 13:36:55.817 PhoneGap[42629:80b] Finished load of: file:///Users/mwbrooks/Library/Application%20Support/iPhone%20Simulator/7.0.3/Applications/A59C4682-D97E-4B06-8C21-A6B5FE0C5F75/PhoneGap.app/www/index.html
2014-01-16 13:36:59.784 PhoneGap[42629:80b] THREAD WARNING: ['File'] took '3839.270996' ms. Plugin should use a background thread.
2014-01-16 13:46:32.939 PhoneGap[43507:80b] Multi-tasking -> Device: YES, App: YES
2014-01-16 13:46:32.948 PhoneGap[43507:80b] Unlimited access to network resources
2014-01-16 13:46:33.038 PhoneGap[43507:80b] Resetting plugins due to page load.
2014-01-16 13:46:33.113 PhoneGap[43507:80b] Finished load of: file:///Users/mwbrooks/Library/Application%20Support/iPhone%20Simulator/7.0.3/Applications/A59C4682-D97E-4B06-8C21-A6B5FE0C5F75/PhoneGap.app/www/index.html
2014-01-16 13:48:08.051 PhoneGap[44234:80b] Multi-tasking -> Device: YES, App: YES
2014-01-16 13:48:08.057 PhoneGap[44234:80b] Unlimited access to network resources
2014-01-16 13:48:08.160 PhoneGap[44234:80b] Resetting plugins due to page load.
2014-01-16 13:48:08.231 PhoneGap[44234:80b] Finished load of: file:///Users/mwbrooks/Library/Application%20Support/iPhone%20Simulator/7.0.3/Applications/A59C4682-D97E-4B06-8C21-A6B5FE0C5F75/PhoneGap.app/www/index.html
2014-01-16 13:49:07.544 PhoneGap[44946:80b] Multi-tasking -> Device: YES, App: YES
2014-01-16 13:49:07.551 PhoneGap[44946:80b] Unlimited access to network resources
2014-01-16 13:49:07.647 PhoneGap[44946:80b] Resetting plugins due to page load.
2014-01-16 13:49:07.703 PhoneGap[44946:80b] Finished load of: file:///Users/mwbrooks/Library/Application%20Support/iPhone%20Simulator/7.0.3/Applications/A59C4682-D97E-4B06-8C21-A6B5FE0C5F75/PhoneGap.app/www/index.html
2014-01-16 13:49:10.808 PhoneGap[44946:80b] THREAD WARNING: ['File'] took '3042.052002' ms. Plugin should use a background thread.
Terminating in response to SpringBoard's termination.
2014-01-16 13:49:44.154 PhoneGap[45659:80b] Multi-tasking -> Device: YES, App: YES
2014-01-16 13:49:44.161 PhoneGap[45659:80b] Unlimited access to network resources
2014-01-16 13:49:44.257 PhoneGap[45659:80b] Resetting plugins due to page load.
2014-01-16 13:49:44.335 PhoneGap[45659:80b] Finished load of: file:///Users/mwbrooks/Library/Application%20Support/iPhone%20Simulator/7.0.3/Applications/A59C4682-D97E-4B06-8C21-A6B5FE0C5F75/PhoneGap.app/www/index.html
2014-01-16 13:49:47.892 PhoneGap[45659:80b] THREAD WARNING: ['File'] took '3498.911865' ms. Plugin should use a background thread.
2014-01-16 13:50:47.079 PhoneGap[46433:80b] Multi-tasking -> Device: YES, App: YES
2014-01-16 13:50:47.084 PhoneGap[46433:80b] Unlimited access to network resources
2014-01-16 13:50:47.176 PhoneGap[46433:80b] Resetting plugins due to page load.
2014-01-16 13:50:47.236 PhoneGap[46433:80b] Finished load of: file:///Users/mwbrooks/Library/Application%20Support/iPhone%20Simulator/7.0.3/Applications/A59C4682-D97E-4B06-8C21-A6B5FE0C5F75/PhoneGap.app/www/index.html
2014-01-16 14:08:51.155 PhoneGap[47561:80b] Multi-tasking -> Device: YES, App: YES
2014-01-16 14:08:51.161 PhoneGap[47561:80b] Unlimited access to network resources
2014-01-16 14:08:51.258 PhoneGap[47561:80b] Resetting plugins due to page load.
2014-01-16 14:08:51.311 PhoneGap[47561:80b] Finished load of: file:///Users/mwbrooks/Library/Application%20Support/iPhone%20Simulator/7.0.3/Applications/A59C4682-D97E-4B06-8C21-A6B5FE0C5F75/PhoneGap.app/www/index.html
2014-01-16 14:09:58.922 PhoneGap[47561:3f03] void SendDelegateMessage(NSInvocation *): delegate (webView:runJavaScriptAlertPanelWithMessage:initiatedByFrame:) failed to return after waiting 10 seconds. main run loop mode: kCFRunLoopDefaultMode
2014-01-16 14:09:59.947 PhoneGap[47561:80b] Resetting plugins due to page load.
2014-01-16 14:09:59.979 PhoneGap[47561:80b] Finished load of: http://127.0.0.1:3000/index.html
2014-01-16 14:12:05.871 PhoneGap[48312:80b] Multi-tasking -> Device: YES, App: YES
2014-01-16 14:12:05.878 PhoneGap[48312:80b] Unlimited access to network resources
2014-01-16 14:12:05.982 PhoneGap[48312:80b] Resetting plugins due to page load.
2014-01-16 14:12:06.041 PhoneGap[48312:80b] Finished load of: file:///Users/mwbrooks/Library/Application%20Support/iPhone%20Simulator/7.0.3/Applications/A59C4682-D97E-4B06-8C21-A6B5FE0C5F75/PhoneGap.app/www/index.html
2014-01-16 14:12:34.270 PhoneGap[48312:80b] Resetting plugins due to page load.
2014-01-16 14:12:34.288 PhoneGap[48312:80b] Finished load of: http://127.0.0.1:3000/index.html
